Using pre-set license
Built from '2021.3/release' branch; Version is '2021.3.27f1 (ca3ffb99bcc6) revision 13254651'; Using compiler version '192829333'; Build Type 'Release'
OS: 'Windows 11  (10.0.22621) 64bit Core' Language: 'en' Physical Memory: 32696 MB
BatchMode: 1, IsHumanControllingUs: 0, StartBugReporterOnCrash: 0, Is64bit: 1, IsPro: 1

COMMAND LINE ARGUMENTS:
D:\Program Files\Unity\2021.3.27f1\Editor\Unity.exe
-adb2
-batchMode
-noUpm
-name
AssetImportWorker2
-projectPath
D:/Unity/MiniGolf
-logFile
Logs/AssetImportWorker2.log
-srvPort
52761
Successfully changed project path to: D:/Unity/MiniGolf
D:/Unity/MiniGolf
[UnityMemory] Configuration Parameters - Can be set up in boot.config
    "memorysetup-bucket-allocator-granularity=16"
    "memorysetup-bucket-allocator-bucket-count=8"
    "memorysetup-bucket-allocator-block-size=33554432"
    "memorysetup-bucket-allocator-block-count=8"
    "memorysetup-main-allocator-block-size=16777216"
    "memorysetup-thread-allocator-block-size=16777216"
    "memorysetup-gfx-main-allocator-block-size=16777216"
    "memorysetup-gfx-thread-allocator-block-size=16777216"
    "memorysetup-cache-allocator-block-size=4194304"
    "memorysetup-typetree-allocator-block-size=2097152"
    "memorysetup-profiler-bucket-allocator-granularity=16"
    "memorysetup-profiler-bucket-allocator-bucket-count=8"
    "memorysetup-profiler-bucket-allocator-block-size=33554432"
    "memorysetup-profiler-bucket-allocator-block-count=8"
    "memorysetup-profiler-allocator-block-size=16777216"
    "memorysetup-profiler-editor-allocator-block-size=1048576"
    "memorysetup-temp-allocator-size-main=16777216"
    "memorysetup-job-temp-allocator-block-size=2097152"
    "memorysetup-job-temp-allocator-block-size-background=1048576"
    "memorysetup-job-temp-allocator-reduction-small-platforms=262144"
    "memorysetup-temp-allocator-size-background-worker=32768"
    "memorysetup-temp-allocator-size-job-worker=262144"
    "memorysetup-temp-allocator-size-preload-manager=33554432"
    "memorysetup-temp-allocator-size-nav-mesh-worker=65536"
    "memorysetup-temp-allocator-size-audio-worker=65536"
    "memorysetup-temp-allocator-size-cloud-worker=32768"
    "memorysetup-temp-allocator-size-gi-baking-worker=262144"
    "memorysetup-temp-allocator-size-gfx=262144"
Player connection [35872] Host "[IP] 192.168.0.103 [Port] 0 [Flags] 2 [Guid] 3236314561 [EditorId] 3236314561 [Version] 1048832 [Id] WindowsEditor(7,HellScape) [Debug] 1 [PackageName] WindowsEditor [ProjectName] Editor" joined multi-casting on [225.0.0.222:54997]...

Player connection [35872] Host "[IP] 192.168.0.103 [Port] 0 [Flags] 2 [Guid] 3236314561 [EditorId] 3236314561 [Version] 1048832 [Id] WindowsEditor(7,HellScape) [Debug] 1 [PackageName] WindowsEditor [ProjectName] Editor" joined alternative multi-casting on [225.0.0.222:34997]...

Refreshing native plugins compatible for Editor in 29.84 ms, found 2 plugins.
Preloading 0 native plugins for Editor in 0.00 ms.
Initialize engine version: 2021.3.27f1 (ca3ffb99bcc6)
[Subsystems] Discovering subsystems at path D:/Program Files/Unity/2021.3.27f1/Editor/Data/Resources/UnitySubsystems
[Subsystems] Discovering subsystems at path D:/Unity/MiniGolf/Assets
GfxDevice: creating device client; threaded=0; jobified=0
Direct3D:
    Version:  Direct3D 11.0 [level 11.1]
    Renderer: NVIDIA GeForce RTX 3060 (ID=0x2504)
    Vendor:   NVIDIA
    VRAM:     12129 MB
    Driver:   31.0.15.3699
Initialize mono
Mono path[0] = 'D:/Program Files/Unity/2021.3.27f1/Editor/Data/Managed'
Mono path[1] = 'D:/Program Files/Unity/2021.3.27f1/Editor/Data/MonoBleedingEdge/lib/mono/unityjit-win32'
Mono config path = 'D:/Program Files/Unity/2021.3.27f1/Editor/Data/MonoBleedingEdge/etc'
Using monoOptions --debugger-agent=transport=dt_socket,embedding=1,server=y,suspend=n,address=127.0.0.1:56952
Begin MonoManager ReloadAssembly
Registering precompiled unity dll's ...
Register platform support module: D:/Program Files/Unity/2021.3.27f1/Editor/Data/PlaybackEngines/WindowsStandaloneSupport/UnityEditor.WindowsStandalone.Extensions.dll
Register platform support module: D:/Program Files/Unity/2021.3.27f1/Editor/Data/PlaybackEngines/MetroSupport/UnityEditor.UWP.Extensions.dll
Registered in 0.001794 seconds.
Native extension for UWP target not found
Native extension for WindowsStandalone target not found
Refreshing native plugins compatible for Editor in 27.59 ms, found 2 plugins.
Preloading 0 native plugins for Editor in 0.00 ms.
Mono: successfully reloaded assembly
- Completed reload, in  0.404 seconds
Domain Reload Profiling:
	ReloadAssembly (404ms)
		BeginReloadAssembly (63ms)
			ExecutionOrderSort (0ms)
			DisableScriptedObjects (0ms)
			BackupInstance (0ms)
			ReleaseScriptingObjects (0ms)
			CreateAndSetChildDomain (1ms)
		EndReloadAssembly (278ms)
			LoadAssemblies (63ms)
			RebuildTransferFunctionScriptingTraits (0ms)
			SetupTypeCache (67ms)
			ReleaseScriptCaches (0ms)
			RebuildScriptCaches (17ms)
			SetupLoadedEditorAssemblies (161ms)
				LogAssemblyErrors (0ms)
				InitializePlatformSupportModulesInManaged (5ms)
				SetLoadedEditorAssemblies (0ms)
				RefreshPlugins (28ms)
				BeforeProcessingInitializeOnLoad (1ms)
				ProcessInitializeOnLoadAttributes (94ms)
				ProcessInitializeOnLoadMethodAttributes (33ms)
				AfterProcessingInitializeOnLoad (0ms)
				EditorAssembliesLoaded (0ms)
			ExecutionOrderSort2 (0ms)
			AwakeInstancesAfterBackupRestoration (0ms)
Platform modules already initialized, skipping
Registering precompiled user dll's ...
Registered in 0.002234 seconds.
Begin MonoManager ReloadAssembly
Native extension for UWP target not found
Native extension for WindowsStandalone target not found
Refreshing native plugins compatible for Editor in 27.22 ms, found 2 plugins.
Preloading 0 native plugins for Editor in 0.00 ms.
Mono: successfully reloaded assembly
- Completed reload, in  0.663 seconds
Domain Reload Profiling:
	ReloadAssembly (664ms)
		BeginReloadAssembly (86ms)
			ExecutionOrderSort (0ms)
			DisableScriptedObjects (4ms)
			BackupInstance (0ms)
			ReleaseScriptingObjects (0ms)
			CreateAndSetChildDomain (13ms)
		EndReloadAssembly (511ms)
			LoadAssemblies (63ms)
			RebuildTransferFunctionScriptingTraits (0ms)
			SetupTypeCache (119ms)
			ReleaseScriptCaches (0ms)
			RebuildScriptCaches (33ms)
			SetupLoadedEditorAssemblies (285ms)
				LogAssemblyErrors (0ms)
				InitializePlatformSupportModulesInManaged (3ms)
				SetLoadedEditorAssemblies (0ms)
				RefreshPlugins (27ms)
				BeforeProcessingInitializeOnLoad (33ms)
				ProcessInitializeOnLoadAttributes (190ms)
				ProcessInitializeOnLoadMethodAttributes (31ms)
				AfterProcessingInitializeOnLoad (2ms)
				EditorAssembliesLoaded (0ms)
			ExecutionOrderSort2 (0ms)
			AwakeInstancesAfterBackupRestoration (4ms)
Platform modules already initialized, skipping
========================================================================
Worker process is ready to serve import requests
Launched and connected shader compiler UnityShaderCompiler.exe after 0.05 seconds
Refreshing native plugins compatible for Editor in 0.81 ms, found 2 plugins.
Preloading 0 native plugins for Editor in 0.00 ms.
Unloading 2083 Unused Serialized files (Serialized files now loaded: 0)
Unloading 35 unused Assets / (501.8 KB). Loaded Objects now: 2575.
Memory consumption went from 117.3 MB to 116.8 MB.
Total: 4.356700 ms (FindLiveObjects: 0.320900 ms CreateObjectMapping: 0.081900 ms MarkObjects: 3.594400 ms  DeleteObjects: 0.358700 ms)

AssetImportParameters requested are different than current active one (requested -> active):
  custom:video-decoder-ogg-theora: a1e56fd34408186e4bbccfd4996cb3dc -> 
  custom:container-muxer-webm: aa71ff27fc2769a1b78a27578f13a17b -> 
  custom:container-demuxer-webm: 4f35f7cbe854078d1ac9338744f61a02 -> 
  custom:video-encoder-webm-vp8: eb34c28f22e8b96e1ab97ce403110664 -> 
  custom:video-codec-MediaFoundation-h265: e54d7ab0439102e2317fc1e4b246158d -> 
  custom:audio-encoder-webm-vorbis: bf7c407c2cedff20999df2af8eb42d56 -> 
  custom:framework-win-MediaFoundation: 216162199b28c13a410421893ffa2e32 -> 
  custom:container-demuxer-ogg: 62fdf1f143b41e24485cea50d1cbac27 -> 
  custom:video-decoder-webm-vp8: 9c59270c3fd7afecdb556c50c9e8de78 -> 
  custom:audio-decoder-ogg-vorbis: bf7c407c2cedff20999df2af8eb42d56 -> 
========================================================================
Received Import Request.
  Time since last request: 76612.843407 seconds.
  path: Assets/MniGolf
  artifactKey: Guid(4688feccad2cf87498fe202b8ea089e5) Importer(815301076,1909f56bfc062723c751e8b465ee728b)
Start importing Assets/MniGolf using Guid(4688feccad2cf87498fe202b8ea089e5) Importer(815301076,1909f56bfc062723c751e8b465ee728b)  -> (artifact id: '99f4767382cfbd21a46c1990807a43e3') in 0.004307 seconds 
========================================================================
Received Import Request.
  Time since last request: 0.953431 seconds.
  path: Assets/MniGolf/Assets
  artifactKey: Guid(3144392ff7c93f8459c2341c06a871b5) Importer(815301076,1909f56bfc062723c751e8b465ee728b)
Start importing Assets/MniGolf/Assets using Guid(3144392ff7c93f8459c2341c06a871b5) Importer(815301076,1909f56bfc062723c751e8b465ee728b)  -> (artifact id: 'be26dde87e3fd14089a3507a07000cf7') in 0.001201 seconds 
========================================================================
Received Import Request.
  Time since last request: 2.853860 seconds.
  path: Assets/MniGolf/Assets/MiniGolf/Prefabs
  artifactKey: Guid(289c6cbe5fb5b1a4ca633638a43f04ae) Importer(815301076,1909f56bfc062723c751e8b465ee728b)
Start importing Assets/MniGolf/Assets/MiniGolf/Prefabs using Guid(289c6cbe5fb5b1a4ca633638a43f04ae) Importer(815301076,1909f56bfc062723c751e8b465ee728b)  -> (artifact id: 'aac1d55ffaea27095328c6beb0b580e4') in 0.001168 seconds 
========================================================================
Received Import Request.
  Time since last request: 0.064872 seconds.
  path: Assets/MniGolf/Assets/MiniGolf/Prefabs/Ball.prefab
  artifactKey: Guid(29164484c8d97814284015c77f35de23) Importer(815301076,1909f56bfc062723c751e8b465ee728b)
Start importing Assets/MniGolf/Assets/MiniGolf/Prefabs/Ball.prefab using Guid(29164484c8d97814284015c77f35de23) Importer(815301076,1909f56bfc062723c751e8b465ee728b)  -> (artifact id: '6d1af275b66cbfe11f01bfed63e60e0d') in 0.101824 seconds 
========================================================================
Received Import Request.
  Time since last request: 3.576887 seconds.
  path: Assets/Prefabs
  artifactKey: Guid(7e983220521cd6e4b889c36b0419dfdb) Importer(815301076,1909f56bfc062723c751e8b465ee728b)
Start importing Assets/Prefabs using Guid(7e983220521cd6e4b889c36b0419dfdb) Importer(815301076,1909f56bfc062723c751e8b465ee728b)  -> (artifact id: '99a87413d1c4900f121e0ae3aa254495') in 0.000964 seconds 
========================================================================
Received Import Request.
  Time since last request: 0.063951 seconds.
  path: Assets/Prefabs/Ball.prefab
  artifactKey: Guid(3d94b7a9429f08e4c9f3b7307fac3712) Importer(815301076,1909f56bfc062723c751e8b465ee728b)
Start importing Assets/Prefabs/Ball.prefab using Guid(3d94b7a9429f08e4c9f3b7307fac3712) Importer(815301076,1909f56bfc062723c751e8b465ee728b)  -> (artifact id: 'f2a75e6b8a74b16ae65b8f173f92423f') in 0.010753 seconds 
========================================================================
Received Import Request.
  Time since last request: 12.685365 seconds.
  path: Assets/Materials
  artifactKey: Guid(3bf8cabb98e4c2a49a672894e7bc6d20) Importer(815301076,1909f56bfc062723c751e8b465ee728b)
Start importing Assets/Materials using Guid(3bf8cabb98e4c2a49a672894e7bc6d20) Importer(815301076,1909f56bfc062723c751e8b465ee728b)  -> (artifact id: '2763a4e7a044c165c182746bb9e71526') in 0.001159 seconds 
========================================================================
Received Import Request.
  Time since last request: 0.048835 seconds.
  path: Assets/Materials/Ball material.mat
  artifactKey: Guid(8e4aa60e2aab59a4c9f67e17148ef11d) Importer(815301076,1909f56bfc062723c751e8b465ee728b)
Start importing Assets/Materials/Ball material.mat using Guid(8e4aa60e2aab59a4c9f67e17148ef11d) Importer(815301076,1909f56bfc062723c751e8b465ee728b)  -> (artifact id: '79dd9b983bbbed1628230ee4bd5b2ec5') in 0.017263 seconds 
========================================================================
Received Import Request.
  Time since last request: 35.672063 seconds.
  path: Assets/MniGolf/Assets/MiniGolf/Prefabs/Parts/block.prefab
  artifactKey: Guid(b4a665167c08aad41a76ef12f47de786) Importer(815301076,1909f56bfc062723c751e8b465ee728b)
Start importing Assets/MniGolf/Assets/MiniGolf/Prefabs/Parts/block.prefab using Guid(b4a665167c08aad41a76ef12f47de786) Importer(815301076,1909f56bfc062723c751e8b465ee728b)  -> (artifact id: '516375e19e826cd2cc1c552a72496c07') in 0.007622 seconds 
========================================================================
Received Import Request.
  Time since last request: 0.000010 seconds.
  path: Assets/MniGolf/Assets/MiniGolf/Prefabs/Parts/hillCorner.prefab
  artifactKey: Guid(eb2e4075680e3e14fac0a41678ce126a) Importer(815301076,1909f56bfc062723c751e8b465ee728b)
Start importing Assets/MniGolf/Assets/MiniGolf/Prefabs/Parts/hillCorner.prefab using Guid(eb2e4075680e3e14fac0a41678ce126a) Importer(815301076,1909f56bfc062723c751e8b465ee728b)  -> (artifact id: '1f70ccc0d911de8da9ec5a7a82163c92') in 0.006484 seconds 
========================================================================
Received Import Request.
  Time since last request: 0.000016 seconds.
  path: Assets/MniGolf/Assets/MiniGolf/Prefabs/Parts/hillRound.prefab
  artifactKey: Guid(d4830729b051ae04080f6430cc1d72bd) Importer(815301076,1909f56bfc062723c751e8b465ee728b)
Start importing Assets/MniGolf/Assets/MiniGolf/Prefabs/Parts/hillRound.prefab using Guid(d4830729b051ae04080f6430cc1d72bd) Importer(815301076,1909f56bfc062723c751e8b465ee728b)  -> (artifact id: 'b5f3d9d789c8eb7cd662b82a72eb5fa7') in 0.011249 seconds 
========================================================================
Received Import Request.
  Time since last request: 0.000012 seconds.
  path: Assets/MniGolf/Assets/MiniGolf/Prefabs/Parts/roundCornerC.prefab
  artifactKey: Guid(5fa7190a7b52e104fa314e2f73eb4b54) Importer(815301076,1909f56bfc062723c751e8b465ee728b)
Start importing Assets/MniGolf/Assets/MiniGolf/Prefabs/Parts/roundCornerC.prefab using Guid(5fa7190a7b52e104fa314e2f73eb4b54) Importer(815301076,1909f56bfc062723c751e8b465ee728b)  -> (artifact id: '6eced4965a466abbc92eb09df23af78f') in 0.062786 seconds 
========================================================================
Received Import Request.
  Time since last request: 0.000011 seconds.
  path: Assets/MniGolf/Assets/MiniGolf/Prefabs/Parts/holeSquare.prefab
  artifactKey: Guid(7992500f36718b54baab5dfbd49b4af1) Importer(815301076,1909f56bfc062723c751e8b465ee728b)
Start importing Assets/MniGolf/Assets/MiniGolf/Prefabs/Parts/holeSquare.prefab using Guid(7992500f36718b54baab5dfbd49b4af1) Importer(815301076,1909f56bfc062723c751e8b465ee728b)  -> (artifact id: '49e58d282bd91f1e3a722d6795e1b04e') in 0.047130 seconds 
========================================================================
Received Import Request.
  Time since last request: 0.000014 seconds.
  path: Assets/MniGolf/Assets/MiniGolf/Prefabs/Parts/holeRound.prefab
  artifactKey: Guid(73b77c6bcb83a0d48abd593d617f88bd) Importer(815301076,1909f56bfc062723c751e8b465ee728b)
Start importing Assets/MniGolf/Assets/MiniGolf/Prefabs/Parts/holeRound.prefab using Guid(73b77c6bcb83a0d48abd593d617f88bd) Importer(815301076,1909f56bfc062723c751e8b465ee728b)  -> (artifact id: '7c2a56e3f976fd8b6b3f198c50abb093') in 0.046421 seconds 
========================================================================
Received Import Request.
  Time since last request: 0.000016 seconds.
  path: Assets/MniGolf/Assets/MiniGolf/Prefabs/Parts/holeOpen.prefab
  artifactKey: Guid(deca150655e3b4a4384f70844c0ec4b1) Importer(815301076,1909f56bfc062723c751e8b465ee728b)
Start importing Assets/MniGolf/Assets/MiniGolf/Prefabs/Parts/holeOpen.prefab using Guid(deca150655e3b4a4384f70844c0ec4b1) Importer(815301076,1909f56bfc062723c751e8b465ee728b)  -> (artifact id: 'a0b4e92b30a1219a090f3f1bea3c5abd') in 0.045698 seconds 
========================================================================
Received Import Request.
  Time since last request: 1.317917 seconds.
  path: Assets/MniGolf/Assets/MiniGolf/Prefabs/Levels/Level1.prefab
  artifactKey: Guid(1a98e835830028944a49be86bcbf4158) Importer(815301076,1909f56bfc062723c751e8b465ee728b)
Start importing Assets/MniGolf/Assets/MiniGolf/Prefabs/Levels/Level1.prefab using Guid(1a98e835830028944a49be86bcbf4158) Importer(815301076,1909f56bfc062723c751e8b465ee728b)  -> (artifact id: '206f1f8209e54af18a4b1b1731cfce11') in 0.007935 seconds 
========================================================================
Received Import Request.
  Time since last request: 0.000013 seconds.
  path: Assets/MniGolf/Assets/MiniGolf/Prefabs/Levels/Level5.prefab
  artifactKey: Guid(a5beecb27aac45347b00aea64f9b0b40) Importer(815301076,1909f56bfc062723c751e8b465ee728b)
Start importing Assets/MniGolf/Assets/MiniGolf/Prefabs/Levels/Level5.prefab using Guid(a5beecb27aac45347b00aea64f9b0b40) Importer(815301076,1909f56bfc062723c751e8b465ee728b)  -> (artifact id: 'cde52ee0700d0afcf4af8b4aaabd25ae') in 0.010547 seconds 
========================================================================
Received Import Request.
  Time since last request: 0.000012 seconds.
  path: Assets/MniGolf/Assets/MiniGolf/Prefabs/Levels/Level8.prefab
  artifactKey: Guid(4540dc8d818335042afa44c3b8f17ec9) Importer(815301076,1909f56bfc062723c751e8b465ee728b)
Start importing Assets/MniGolf/Assets/MiniGolf/Prefabs/Levels/Level8.prefab using Guid(4540dc8d818335042afa44c3b8f17ec9) Importer(815301076,1909f56bfc062723c751e8b465ee728b)  -> (artifact id: '4c787cff523271759a0639780dbebbf9') in 0.013750 seconds 
========================================================================
Received Import Request.
  Time since last request: 4.098607 seconds.
  path: Assets/MniGolf/Assets/MiniGolf/GameAssets/Square.ttf
  artifactKey: Guid(2405baf5befe1f94abe0efb97286e515) Importer(815301076,1909f56bfc062723c751e8b465ee728b)
Start importing Assets/MniGolf/Assets/MiniGolf/GameAssets/Square.ttf using Guid(2405baf5befe1f94abe0efb97286e515) Importer(815301076,1909f56bfc062723c751e8b465ee728b)  -> (artifact id: 'c57ca47ca7755cad95eccd904ce5088b') in 0.037853 seconds 
========================================================================
Received Import Request.
  Time since last request: 1.745676 seconds.
  path: Assets/MniGolf/Assets/MiniGolf/GameAssets/Art/Circle.png
  artifactKey: Guid(d1cfd24e0e3eeb945924cc8c8cee4caa) Importer(815301076,1909f56bfc062723c751e8b465ee728b)
Start importing Assets/MniGolf/Assets/MiniGolf/GameAssets/Art/Circle.png using Guid(d1cfd24e0e3eeb945924cc8c8cee4caa) Importer(815301076,1909f56bfc062723c751e8b465ee728b)  -> (artifact id: 'da6e8ff70233da7c8950ada917f396a1') in 0.021160 seconds 
========================================================================
Received Import Request.
  Time since last request: 0.000022 seconds.
  path: Assets/MniGolf/Assets/MiniGolf/GameAssets/Art/SquareCurveCornerLarge.png
  artifactKey: Guid(a3202e97e269ac84fbc36cab3d79c4f5) Importer(815301076,1909f56bfc062723c751e8b465ee728b)
Start importing Assets/MniGolf/Assets/MiniGolf/GameAssets/Art/SquareCurveCornerLarge.png using Guid(a3202e97e269ac84fbc36cab3d79c4f5) Importer(815301076,1909f56bfc062723c751e8b465ee728b)  -> (artifact id: '7350e203118b8ddedbefd593ba0e5d9b') in 0.006387 seconds 
========================================================================
Received Import Request.
  Time since last request: 0.000022 seconds.
  path: Assets/MniGolf/Assets/MiniGolf/GameAssets/Art/watch.png
  artifactKey: Guid(0e89fd6678710c146b69641d84367cae) Importer(815301076,1909f56bfc062723c751e8b465ee728b)
Start importing Assets/MniGolf/Assets/MiniGolf/GameAssets/Art/watch.png using Guid(0e89fd6678710c146b69641d84367cae) Importer(815301076,1909f56bfc062723c751e8b465ee728b)  -> (artifact id: '79641e75a41ab35d67e296c065dacaaf') in 0.006555 seconds 
========================================================================
Received Import Request.
  Time since last request: 0.000014 seconds.
  path: Assets/MniGolf/Assets/MiniGolf/GameAssets/Art/sound.png
  artifactKey: Guid(4dd4c6fb2964d894c897a16e6a576559) Importer(815301076,1909f56bfc062723c751e8b465ee728b)
Start importing Assets/MniGolf/Assets/MiniGolf/GameAssets/Art/sound.png using Guid(4dd4c6fb2964d894c897a16e6a576559) Importer(815301076,1909f56bfc062723c751e8b465ee728b)  -> (artifact id: '6eaea9162a8532d9d9c6346fd906a875') in 0.007790 seconds 
========================================================================
Received Import Request.
  Time since last request: 0.000018 seconds.
  path: Assets/MniGolf/Assets/MiniGolf/GameAssets/Art/star.png
  artifactKey: Guid(c15b8b0dae51c554e8b6996f1b1376e8) Importer(815301076,1909f56bfc062723c751e8b465ee728b)
Start importing Assets/MniGolf/Assets/MiniGolf/GameAssets/Art/star.png using Guid(c15b8b0dae51c554e8b6996f1b1376e8) Importer(815301076,1909f56bfc062723c751e8b465ee728b)  -> (artifact id: '75b0065c5a5b1f062dd3258c68912d63') in 0.007802 seconds 
========================================================================
Received Import Request.
  Time since last request: 0.000022 seconds.
  path: Assets/MniGolf/Assets/MiniGolf/GameAssets/Art/rect.png
  artifactKey: Guid(b03e3d35d7284a94d95b43167684d02c) Importer(815301076,1909f56bfc062723c751e8b465ee728b)
Start importing Assets/MniGolf/Assets/MiniGolf/GameAssets/Art/rect.png using Guid(b03e3d35d7284a94d95b43167684d02c) Importer(815301076,1909f56bfc062723c751e8b465ee728b)  -> (artifact id: 'ca592ecc90e9cdd27104a55400cd8104') in 0.009542 seconds 
========================================================================
Received Import Request.
  Time since last request: 0.000011 seconds.
  path: Assets/MniGolf/Assets/MiniGolf/GameAssets/Art/Square.png
  artifactKey: Guid(9039ae8e5d9fea341905cd43491af320) Importer(815301076,1909f56bfc062723c751e8b465ee728b)
Start importing Assets/MniGolf/Assets/MiniGolf/GameAssets/Art/Square.png using Guid(9039ae8e5d9fea341905cd43491af320) Importer(815301076,1909f56bfc062723c751e8b465ee728b)  -> (artifact id: '44f68d6943c06a2a2cf084fd85ab1e06') in 0.006092 seconds 
========================================================================
Received Import Request.
  Time since last request: 6.360235 seconds.
  path: Assets/MniGolf/Assets/MiniGolf/GameAssets/Material/ArrowMat.mat
  artifactKey: Guid(1ec435a9f238054469edb8b56e35d89f) Importer(815301076,1909f56bfc062723c751e8b465ee728b)
Start importing Assets/MniGolf/Assets/MiniGolf/GameAssets/Material/ArrowMat.mat using Guid(1ec435a9f238054469edb8b56e35d89f) Importer(815301076,1909f56bfc062723c751e8b465ee728b)  -> (artifact id: '1cd0270992119c9dcbca73096db371d9') in 0.022621 seconds 
========================================================================
Received Import Request.
  Time since last request: 12.715129 seconds.
  path: Assets/MniGolf/Assets/MiniGolf/GameAssets/Models/KennyAssets/ball_blue.fbx
  artifactKey: Guid(87d62163b1bbaf2439650a1e1644b00e) Importer(815301076,1909f56bfc062723c751e8b465ee728b)
Start importing Assets/MniGolf/Assets/MiniGolf/GameAssets/Models/KennyAssets/ball_blue.fbx using Guid(87d62163b1bbaf2439650a1e1644b00e) Importer(815301076,1909f56bfc062723c751e8b465ee728b)  -> (artifact id: '21aea0dbcde823f47b42d30723797797') in 0.043662 seconds 
========================================================================
Received Import Request.
  Time since last request: 0.000013 seconds.
  path: Assets/MniGolf/Assets/MiniGolf/GameAssets/Models/KennyAssets/bump.fbx
  artifactKey: Guid(d2e0d4203e7a99344b6c9dc3db39ee53) Importer(815301076,1909f56bfc062723c751e8b465ee728b)
Start importing Assets/MniGolf/Assets/MiniGolf/GameAssets/Models/KennyAssets/bump.fbx using Guid(d2e0d4203e7a99344b6c9dc3db39ee53) Importer(815301076,1909f56bfc062723c751e8b465ee728b)  -> (artifact id: 'a4c1b0e763468b010b8b4a71489670a9') in 0.030340 seconds 
========================================================================
Received Import Request.
  Time since last request: 0.000013 seconds.
  path: Assets/MniGolf/Assets/MiniGolf/GameAssets/Models/KennyAssets/holeSquare.fbx
  artifactKey: Guid(9d43093d79b270847a527ffffd4986ae) Importer(815301076,1909f56bfc062723c751e8b465ee728b)
Start importing Assets/MniGolf/Assets/MiniGolf/GameAssets/Models/KennyAssets/holeSquare.fbx using Guid(9d43093d79b270847a527ffffd4986ae) Importer(815301076,1909f56bfc062723c751e8b465ee728b)  -> (artifact id: '5c680bc3cff8ca51e180654c7a82ce03') in 0.106628 seconds 
========================================================================
Received Import Request.
  Time since last request: 0.000014 seconds.
  path: Assets/MniGolf/Assets/MiniGolf/GameAssets/Models/KennyAssets/gap.fbx
  artifactKey: Guid(eb07f1399da2eed46b1116c2fa0b6b9b) Importer(815301076,1909f56bfc062723c751e8b465ee728b)
Start importing Assets/MniGolf/Assets/MiniGolf/GameAssets/Models/KennyAssets/gap.fbx using Guid(eb07f1399da2eed46b1116c2fa0b6b9b) Importer(815301076,1909f56bfc062723c751e8b465ee728b)  -> (artifact id: '590e0853639c9db29f2b2ba103b48490') in 0.046616 seconds 
========================================================================
Received Import Request.
  Time since last request: 0.000017 seconds.
  path: Assets/MniGolf/Assets/MiniGolf/GameAssets/Models/KennyAssets/bumpDown.fbx
  artifactKey: Guid(7c95637b44e1fa64b989c7e8122c6332) Importer(815301076,1909f56bfc062723c751e8b465ee728b)
Start importing Assets/MniGolf/Assets/MiniGolf/GameAssets/Models/KennyAssets/bumpDown.fbx using Guid(7c95637b44e1fa64b989c7e8122c6332) Importer(815301076,1909f56bfc062723c751e8b465ee728b)  -> (artifact id: 'f0dc5a19cb5bb11300bf04e37c242b0d') in 0.013119 seconds 
========================================================================
Received Import Request.
  Time since last request: 0.000012 seconds.
  path: Assets/MniGolf/Assets/MiniGolf/GameAssets/Models/KennyAssets/crest.fbx
  artifactKey: Guid(50cac25916b496043bfa16dabbd62c24) Importer(815301076,1909f56bfc062723c751e8b465ee728b)
Start importing Assets/MniGolf/Assets/MiniGolf/GameAssets/Models/KennyAssets/crest.fbx using Guid(50cac25916b496043bfa16dabbd62c24) Importer(815301076,1909f56bfc062723c751e8b465ee728b)  -> (artifact id: 'cdd019e784080de88dd14d72b9c91a44') in 0.014965 seconds 
========================================================================
Received Import Request.
  Time since last request: 0.000014 seconds.
  path: Assets/MniGolf/Assets/MiniGolf/GameAssets/Models/KennyAssets/bumpDownWalls.fbx
  artifactKey: Guid(82b87cfde524aa44b94db602d48dc39a) Importer(815301076,1909f56bfc062723c751e8b465ee728b)
Start importing Assets/MniGolf/Assets/MiniGolf/GameAssets/Models/KennyAssets/bumpDownWalls.fbx using Guid(82b87cfde524aa44b94db602d48dc39a) Importer(815301076,1909f56bfc062723c751e8b465ee728b)  -> (artifact id: '7bcc696a5a1a872c440642ec60a03464') in 0.014066 seconds 
========================================================================
Received Import Request.
  Time since last request: 0.000015 seconds.
  path: Assets/MniGolf/Assets/MiniGolf/GameAssets/Models/KennyAssets/corner.fbx
  artifactKey: Guid(9342bf08ac03582449510c5b0fbd8c87) Importer(815301076,1909f56bfc062723c751e8b465ee728b)
Start importing Assets/MniGolf/Assets/MiniGolf/GameAssets/Models/KennyAssets/corner.fbx using Guid(9342bf08ac03582449510c5b0fbd8c87) Importer(815301076,1909f56bfc062723c751e8b465ee728b)  -> (artifact id: '18e3b7a0caa27b83526252e2e8494e48') in 0.014497 seconds 
========================================================================
Received Import Request.
  Time since last request: 0.000013 seconds.
  path: Assets/MniGolf/Assets/MiniGolf/GameAssets/Models/KennyAssets/flag_red.fbx
  artifactKey: Guid(97d5bda73295ca6408e136272e18e76a) Importer(815301076,1909f56bfc062723c751e8b465ee728b)
Start importing Assets/MniGolf/Assets/MiniGolf/GameAssets/Models/KennyAssets/flag_red.fbx using Guid(97d5bda73295ca6408e136272e18e76a) Importer(815301076,1909f56bfc062723c751e8b465ee728b)  -> (artifact id: '52149312d5bc78babe1d43c202382b60') in 0.020081 seconds 
========================================================================
Received Import Request.
  Time since last request: 0.000015 seconds.
  path: Assets/MniGolf/Assets/MiniGolf/GameAssets/Models/KennyAssets/rampB.fbx
  artifactKey: Guid(fa3e80cd95744e749a7d8a9bc067c4ec) Importer(815301076,1909f56bfc062723c751e8b465ee728b)
Start importing Assets/MniGolf/Assets/MiniGolf/GameAssets/Models/KennyAssets/rampB.fbx using Guid(fa3e80cd95744e749a7d8a9bc067c4ec) Importer(815301076,1909f56bfc062723c751e8b465ee728b)  -> (artifact id: 'e1f48a178318ed69ab31c50f7b10ae26') in 0.012499 seconds 
========================================================================
Received Import Request.
  Time since last request: 0.000016 seconds.
  path: Assets/MniGolf/Assets/MiniGolf/GameAssets/Models/KennyAssets/rampSquare.fbx
  artifactKey: Guid(ee05f182e82a8d9499c9bbfa9efbf5e1) Importer(815301076,1909f56bfc062723c751e8b465ee728b)
Start importing Assets/MniGolf/Assets/MiniGolf/GameAssets/Models/KennyAssets/rampSquare.fbx using Guid(ee05f182e82a8d9499c9bbfa9efbf5e1) Importer(815301076,1909f56bfc062723c751e8b465ee728b)  -> (artifact id: 'b5f4ffdfa96148bc14c027853ab14f9e') in 0.012715 seconds 
========================================================================
Received Import Request.
  Time since last request: 0.000012 seconds.
  path: Assets/MniGolf/Assets/MiniGolf/GameAssets/Models/KennyAssets/roundCornerB.fbx
  artifactKey: Guid(abb1e1a63989c8046b3a5fd12bd882c7) Importer(815301076,1909f56bfc062723c751e8b465ee728b)
Start importing Assets/MniGolf/Assets/MiniGolf/GameAssets/Models/KennyAssets/roundCornerB.fbx using Guid(abb1e1a63989c8046b3a5fd12bd882c7) Importer(815301076,1909f56bfc062723c751e8b465ee728b)  -> (artifact id: '179526f662b4e34bebbf51ccf196701e') in 0.016837 seconds 
========================================================================
Received Import Request.
  Time since last request: 0.000012 seconds.
  path: Assets/MniGolf/Assets/MiniGolf/GameAssets/Models/KennyAssets/club_green.fbx
  artifactKey: Guid(8b67d84d3580e8046ae9562d3f9d4b3f) Importer(815301076,1909f56bfc062723c751e8b465ee728b)
Start importing Assets/MniGolf/Assets/MiniGolf/GameAssets/Models/KennyAssets/club_green.fbx using Guid(8b67d84d3580e8046ae9562d3f9d4b3f) Importer(815301076,1909f56bfc062723c751e8b465ee728b)  -> (artifact id: '0d853260e86331630435810dde495219') in 0.023672 seconds 
========================================================================
Received Import Request.
  Time since last request: 0.000014 seconds.
  path: Assets/MniGolf/Assets/MiniGolf/GameAssets/Models/KennyAssets/end.fbx
  artifactKey: Guid(668e6aedbce8f6d40b2d6f8a907b8c0c) Importer(815301076,1909f56bfc062723c751e8b465ee728b)
Start importing Assets/MniGolf/Assets/MiniGolf/GameAssets/Models/KennyAssets/end.fbx using Guid(668e6aedbce8f6d40b2d6f8a907b8c0c) Importer(815301076,1909f56bfc062723c751e8b465ee728b)  -> (artifact id: 'd0f8fb34bbf0265c0e7cd94f578366d4') in 0.014123 seconds 
========================================================================
Received Import Request.
  Time since last request: 0.000014 seconds.
  path: Assets/MniGolf/Assets/MiniGolf/GameAssets/Models/KennyAssets/roundCornerA.fbx
  artifactKey: Guid(14cd2f760ce77f14c8521e1367298fa7) Importer(815301076,1909f56bfc062723c751e8b465ee728b)
Start importing Assets/MniGolf/Assets/MiniGolf/GameAssets/Models/KennyAssets/roundCornerA.fbx using Guid(14cd2f760ce77f14c8521e1367298fa7) Importer(815301076,1909f56bfc062723c751e8b465ee728b)  -> (artifact id: '78a965b4cf3abb9e5260eb090d538508') in 0.014837 seconds 
========================================================================
Received Import Request.
  Time since last request: 2.231979 seconds.
  path: Assets/MniGolf/Assets/MiniGolf/GameAssets/Models/KennyAssets/roundCornerC.fbx
  artifactKey: Guid(b6b416950765da54d8933bf10fba9d4a) Importer(815301076,1909f56bfc062723c751e8b465ee728b)
Start importing Assets/MniGolf/Assets/MiniGolf/GameAssets/Models/KennyAssets/roundCornerC.fbx using Guid(b6b416950765da54d8933bf10fba9d4a) Importer(815301076,1909f56bfc062723c751e8b465ee728b)  -> (artifact id: 'e8e57ed6271f237bb420fdf7cb5fcf7e') in 0.012545 seconds 
========================================================================
Received Import Request.
  Time since last request: 0.000140 seconds.
  path: Assets/MniGolf/Assets/MiniGolf/GameAssets/Models/KennyAssets/splitT.fbx
  artifactKey: Guid(56075532170f8e14e978d8766e844844) Importer(815301076,1909f56bfc062723c751e8b465ee728b)
Start importing Assets/MniGolf/Assets/MiniGolf/GameAssets/Models/KennyAssets/splitT.fbx using Guid(56075532170f8e14e978d8766e844844) Importer(815301076,1909f56bfc062723c751e8b465ee728b)  -> (artifact id: 'ac9d0cfce89d5ae49069b317938181ce') in 0.043001 seconds 
========================================================================
Received Import Request.
  Time since last request: 0.000022 seconds.
  path: Assets/MniGolf/Assets/MiniGolf/GameAssets/Models/KennyAssets/start.fbx
  artifactKey: Guid(1e2c3aadfb6398b4995d01918316d79f) Importer(815301076,1909f56bfc062723c751e8b465ee728b)
Start importing Assets/MniGolf/Assets/MiniGolf/GameAssets/Models/KennyAssets/start.fbx using Guid(1e2c3aadfb6398b4995d01918316d79f) Importer(815301076,1909f56bfc062723c751e8b465ee728b)  -> (artifact id: '577b2bf6be017861bff9252e9d8a9696') in 0.053886 seconds 
========================================================================
Received Import Request.
  Time since last request: 3.504353 seconds.
  path: Assets/MniGolf/Assets/MiniGolf/GameAssets/PhysicsMat/BallMat.physicMaterial
  artifactKey: Guid(cf8706241ee415141b199f64cd421ae1) Importer(815301076,1909f56bfc062723c751e8b465ee728b)
Start importing Assets/MniGolf/Assets/MiniGolf/GameAssets/PhysicsMat/BallMat.physicMaterial using Guid(cf8706241ee415141b199f64cd421ae1) Importer(815301076,1909f56bfc062723c751e8b465ee728b)  -> (artifact id: '90073e06182ce4aa23d216cccf93760c') in 0.002965 seconds 
========================================================================
Received Import Request.
  Time since last request: 1.653069 seconds.
  path: Assets/MniGolf/Assets/MiniGolf/GameAssets/Sound/Failed.wav
  artifactKey: Guid(43e939a7494a1e848918521faca83c7a) Importer(815301076,1909f56bfc062723c751e8b465ee728b)
Start importing Assets/MniGolf/Assets/MiniGolf/GameAssets/Sound/Failed.wav using Guid(43e939a7494a1e848918521faca83c7a) Importer(815301076,1909f56bfc062723c751e8b465ee728b)  -> (artifact id: '3f9fd85d9e42f212a3e7e27273680841') in 0.039014 seconds 
========================================================================
Received Import Request.
  Time since last request: 27.326066 seconds.
  path: Assets/SampleScenes/Materials
  artifactKey: Guid(35e5b60069b1d4945af0cbaefb902d02) Importer(815301076,1909f56bfc062723c751e8b465ee728b)
Start importing Assets/SampleScenes/Materials using Guid(35e5b60069b1d4945af0cbaefb902d02) Importer(815301076,1909f56bfc062723c751e8b465ee728b)  -> (artifact id: '7b05bf3deb8abce4c50b2de09810e084') in 0.000984 seconds 
========================================================================
Received Import Request.
  Time since last request: 0.059467 seconds.
  path: Assets/SampleScenes/Materials/ChevronAlbedo.mat
  artifactKey: Guid(d2e3ba7fa52631f4895e1b9535a4b750) Importer(815301076,1909f56bfc062723c751e8b465ee728b)
Start importing Assets/SampleScenes/Materials/ChevronAlbedo.mat using Guid(d2e3ba7fa52631f4895e1b9535a4b750) Importer(815301076,1909f56bfc062723c751e8b465ee728b)  -> (artifact id: 'c3a3e4018ce090e72eb6fdaf71ca7274') in 0.044255 seconds 
========================================================================
Received Import Request.
  Time since last request: 0.000013 seconds.
  path: Assets/SampleScenes/Materials/TurquoiseSmooth.mat
  artifactKey: Guid(735665606fda0c14cb12bc536aa26dc7) Importer(815301076,1909f56bfc062723c751e8b465ee728b)
Start importing Assets/SampleScenes/Materials/TurquoiseSmooth.mat using Guid(735665606fda0c14cb12bc536aa26dc7) Importer(815301076,1909f56bfc062723c751e8b465ee728b)  -> (artifact id: 'c7eabe8a5a56ec73bb8aa94afb824dbd') in 0.153565 seconds 
========================================================================
Received Import Request.
  Time since last request: 0.000023 seconds.
  path: Assets/SampleScenes/Materials/TealSmooth.mat
  artifactKey: Guid(ee9f7b84e86227a4fadc5e7f42e84b97) Importer(815301076,1909f56bfc062723c751e8b465ee728b)
Start importing Assets/SampleScenes/Materials/TealSmooth.mat using Guid(ee9f7b84e86227a4fadc5e7f42e84b97) Importer(815301076,1909f56bfc062723c751e8b465ee728b)  -> (artifact id: 'fdc45bc6ef5f8fe7811b68ed5843ad96') in 0.110585 seconds 
========================================================================
Received Import Request.
  Time since last request: 0.000014 seconds.
  path: Assets/SampleScenes/Materials/PinkUnlit.mat
  artifactKey: Guid(a8934a77ad83e0f4a9e9d40b3917880b) Importer(815301076,1909f56bfc062723c751e8b465ee728b)
Start importing Assets/SampleScenes/Materials/PinkUnlit.mat using Guid(a8934a77ad83e0f4a9e9d40b3917880b) Importer(815301076,1909f56bfc062723c751e8b465ee728b)  -> (artifact id: 'f17589515f38340f551d63535646e643') in 0.048157 seconds 
========================================================================
Received Import Request.
  Time since last request: 0.000012 seconds.
  path: Assets/SampleScenes/Materials/YellowSmooth.mat
  artifactKey: Guid(61bcea22404bda2469670dd9255037db) Importer(815301076,1909f56bfc062723c751e8b465ee728b)
Start importing Assets/SampleScenes/Materials/YellowSmooth.mat using Guid(61bcea22404bda2469670dd9255037db) Importer(815301076,1909f56bfc062723c751e8b465ee728b)  -> (artifact id: '4a3b392e316b865bdd6c3ff944ffb473') in 0.065098 seconds 
========================================================================
Received Import Request.
  Time since last request: 0.000012 seconds.
  path: Assets/SampleScenes/Materials/ParticleClouds.mat
  artifactKey: Guid(efb74a60b37f60a41add571d33f34fff) Importer(815301076,1909f56bfc062723c751e8b465ee728b)
Start importing Assets/SampleScenes/Materials/ParticleClouds.mat using Guid(efb74a60b37f60a41add571d33f34fff) Importer(815301076,1909f56bfc062723c751e8b465ee728b)  -> (artifact id: 'f8d8a8ef2ab2989ec8e6ac7193e7b30a') in 0.073882 seconds 
========================================================================
Received Import Request.
  Time since last request: 4.587193 seconds.
  path: Assets/SampleScenes/Menu
  artifactKey: Guid(48e4338a7d01577458bb723e3514edf1) Importer(815301076,1909f56bfc062723c751e8b465ee728b)
Start importing Assets/SampleScenes/Menu using Guid(48e4338a7d01577458bb723e3514edf1) Importer(815301076,1909f56bfc062723c751e8b465ee728b)  -> (artifact id: '851110af40fe29480ff4937d1effb0f5') in 0.001106 seconds 
========================================================================
Received Import Request.
  Time since last request: 1.767658 seconds.
  path: Assets/SampleScenes/Menu/Prefabs
  artifactKey: Guid(6885cbce09c6042ca97c42a227ef1b63) Importer(815301076,1909f56bfc062723c751e8b465ee728b)
Start importing Assets/SampleScenes/Menu/Prefabs using Guid(6885cbce09c6042ca97c42a227ef1b63) Importer(815301076,1909f56bfc062723c751e8b465ee728b)  -> (artifact id: '530eab1facf1662f3c3ee2cec195b986') in 0.000971 seconds 
========================================================================
Received Import Request.
  Time since last request: 0.071582 seconds.
  path: Assets/SampleScenes/Menu/Prefabs/EventSystem.prefab
  artifactKey: Guid(af6c1d82d375aa54c81180d14d62761e) Importer(815301076,1909f56bfc062723c751e8b465ee728b)
Start importing Assets/SampleScenes/Menu/Prefabs/EventSystem.prefab using Guid(af6c1d82d375aa54c81180d14d62761e) Importer(815301076,1909f56bfc062723c751e8b465ee728b)  -> (artifact id: '396869105d7f1f84a362624a0707aca2') in 0.003804 seconds 
========================================================================
Received Import Request.
  Time since last request: 0.000010 seconds.
  path: Assets/SampleScenes/Menu/Prefabs/NetworkGameMenuUI.prefab
  artifactKey: Guid(da4ad5eaeea795c4c889dcf86db7ca39) Importer(815301076,1909f56bfc062723c751e8b465ee728b)
Start importing Assets/SampleScenes/Menu/Prefabs/NetworkGameMenuUI.prefab using Guid(da4ad5eaeea795c4c889dcf86db7ca39) Importer(815301076,1909f56bfc062723c751e8b465ee728b)  -> (artifact id: '2d9d9aee1f0c6c523edb3a62338edfa9') in 0.005818 seconds 
Editor requested this worker to shutdown with reason: Scaling down because of idle timeout
AssetImportWorker is now disconnected from the server
Process exiting
Exiting without the bug reporter. Application will terminate with return code 0