Using pre-set license
Built from '2021.3/release' branch; Version is '2021.3.27f1 (ca3ffb99bcc6) revision 13254651'; Using compiler version '192829333'; Build Type 'Release'
OS: 'Windows 11  (10.0.22621) 64bit Core' Language: 'en' Physical Memory: 32696 MB
BatchMode: 1, IsHumanControllingUs: 0, StartBugReporterOnCrash: 0, Is64bit: 1, IsPro: 1

COMMAND LINE ARGUMENTS:
D:\Program Files\Unity\2021.3.27f1\Editor\Unity.exe
-adb2
-batchMode
-noUpm
-name
AssetImportWorker1
-projectPath
D:/Unity/MiniGolf
-logFile
Logs/AssetImportWorker1.log
-srvPort
52761
Successfully changed project path to: D:/Unity/MiniGolf
D:/Unity/MiniGolf
[UnityMemory] Configuration Parameters - Can be set up in boot.config
    "memorysetup-bucket-allocator-granularity=16"
    "memorysetup-bucket-allocator-bucket-count=8"
    "memorysetup-bucket-allocator-block-size=33554432"
    "memorysetup-bucket-allocator-block-count=8"
    "memorysetup-main-allocator-block-size=16777216"
    "memorysetup-thread-allocator-block-size=16777216"
    "memorysetup-gfx-main-allocator-block-size=16777216"
    "memorysetup-gfx-thread-allocator-block-size=16777216"
    "memorysetup-cache-allocator-block-size=4194304"
    "memorysetup-typetree-allocator-block-size=2097152"
    "memorysetup-profiler-bucket-allocator-granularity=16"
    "memorysetup-profiler-bucket-allocator-bucket-count=8"
    "memorysetup-profiler-bucket-allocator-block-size=33554432"
    "memorysetup-profiler-bucket-allocator-block-count=8"
    "memorysetup-profiler-allocator-block-size=16777216"
    "memorysetup-profiler-editor-allocator-block-size=1048576"
    "memorysetup-temp-allocator-size-main=16777216"
    "memorysetup-job-temp-allocator-block-size=2097152"
    "memorysetup-job-temp-allocator-block-size-background=1048576"
    "memorysetup-job-temp-allocator-reduction-small-platforms=262144"
    "memorysetup-temp-allocator-size-background-worker=32768"
    "memorysetup-temp-allocator-size-job-worker=262144"
    "memorysetup-temp-allocator-size-preload-manager=33554432"
    "memorysetup-temp-allocator-size-nav-mesh-worker=65536"
    "memorysetup-temp-allocator-size-audio-worker=65536"
    "memorysetup-temp-allocator-size-cloud-worker=32768"
    "memorysetup-temp-allocator-size-gi-baking-worker=262144"
    "memorysetup-temp-allocator-size-gfx=262144"
Player connection [30860] Host "[IP] 192.168.0.103 [Port] 0 [Flags] 2 [Guid] 3719649623 [EditorId] 3719649623 [Version] 1048832 [Id] WindowsEditor(7,HellScape) [Debug] 1 [PackageName] WindowsEditor [ProjectName] Editor" joined multi-casting on [225.0.0.222:54997]...

Player connection [30860] Host "[IP] 192.168.0.103 [Port] 0 [Flags] 2 [Guid] 3719649623 [EditorId] 3719649623 [Version] 1048832 [Id] WindowsEditor(7,HellScape) [Debug] 1 [PackageName] WindowsEditor [ProjectName] Editor" joined alternative multi-casting on [225.0.0.222:34997]...

Refreshing native plugins compatible for Editor in 31.12 ms, found 2 plugins.
Preloading 0 native plugins for Editor in 0.00 ms.
Initialize engine version: 2021.3.27f1 (ca3ffb99bcc6)
[Subsystems] Discovering subsystems at path D:/Program Files/Unity/2021.3.27f1/Editor/Data/Resources/UnitySubsystems
[Subsystems] Discovering subsystems at path D:/Unity/MiniGolf/Assets
GfxDevice: creating device client; threaded=0; jobified=0
Direct3D:
    Version:  Direct3D 11.0 [level 11.1]
    Renderer: NVIDIA GeForce RTX 3060 (ID=0x2504)
    Vendor:   NVIDIA
    VRAM:     12129 MB
    Driver:   31.0.15.3699
Initialize mono
Mono path[0] = 'D:/Program Files/Unity/2021.3.27f1/Editor/Data/Managed'
Mono path[1] = 'D:/Program Files/Unity/2021.3.27f1/Editor/Data/MonoBleedingEdge/lib/mono/unityjit-win32'
Mono config path = 'D:/Program Files/Unity/2021.3.27f1/Editor/Data/MonoBleedingEdge/etc'
Using monoOptions --debugger-agent=transport=dt_socket,embedding=1,server=y,suspend=n,address=127.0.0.1:56912
Begin MonoManager ReloadAssembly
Registering precompiled unity dll's ...
Register platform support module: D:/Program Files/Unity/2021.3.27f1/Editor/Data/PlaybackEngines/WindowsStandaloneSupport/UnityEditor.WindowsStandalone.Extensions.dll
Register platform support module: D:/Program Files/Unity/2021.3.27f1/Editor/Data/PlaybackEngines/MetroSupport/UnityEditor.UWP.Extensions.dll
Registered in 0.002080 seconds.
Native extension for UWP target not found
Native extension for WindowsStandalone target not found
Refreshing native plugins compatible for Editor in 56.05 ms, found 2 plugins.
Preloading 0 native plugins for Editor in 0.00 ms.
Mono: successfully reloaded assembly
- Completed reload, in  0.554 seconds
Domain Reload Profiling:
	ReloadAssembly (554ms)
		BeginReloadAssembly (65ms)
			ExecutionOrderSort (0ms)
			DisableScriptedObjects (0ms)
			BackupInstance (0ms)
			ReleaseScriptingObjects (0ms)
			CreateAndSetChildDomain (0ms)
		EndReloadAssembly (421ms)
			LoadAssemblies (65ms)
			RebuildTransferFunctionScriptingTraits (0ms)
			SetupTypeCache (77ms)
			ReleaseScriptCaches (0ms)
			RebuildScriptCaches (30ms)
			SetupLoadedEditorAssemblies (279ms)
				LogAssemblyErrors (0ms)
				InitializePlatformSupportModulesInManaged (9ms)
				SetLoadedEditorAssemblies (0ms)
				RefreshPlugins (56ms)
				BeforeProcessingInitializeOnLoad (2ms)
				ProcessInitializeOnLoadAttributes (174ms)
				ProcessInitializeOnLoadMethodAttributes (38ms)
				AfterProcessingInitializeOnLoad (0ms)
				EditorAssembliesLoaded (0ms)
			ExecutionOrderSort2 (0ms)
			AwakeInstancesAfterBackupRestoration (0ms)
Platform modules already initialized, skipping
Registering precompiled user dll's ...
Registered in 0.002016 seconds.
Begin MonoManager ReloadAssembly
Native extension for UWP target not found
Native extension for WindowsStandalone target not found
Refreshing native plugins compatible for Editor in 28.57 ms, found 2 plugins.
Preloading 0 native plugins for Editor in 0.00 ms.
Mono: successfully reloaded assembly
- Completed reload, in  0.792 seconds
Domain Reload Profiling:
	ReloadAssembly (793ms)
		BeginReloadAssembly (92ms)
			ExecutionOrderSort (0ms)
			DisableScriptedObjects (4ms)
			BackupInstance (0ms)
			ReleaseScriptingObjects (0ms)
			CreateAndSetChildDomain (15ms)
		EndReloadAssembly (632ms)
			LoadAssemblies (65ms)
			RebuildTransferFunctionScriptingTraits (0ms)
			SetupTypeCache (194ms)
			ReleaseScriptCaches (0ms)
			RebuildScriptCaches (33ms)
			SetupLoadedEditorAssemblies (313ms)
				LogAssemblyErrors (0ms)
				InitializePlatformSupportModulesInManaged (3ms)
				SetLoadedEditorAssemblies (0ms)
				RefreshPlugins (29ms)
				BeforeProcessingInitializeOnLoad (33ms)
				ProcessInitializeOnLoadAttributes (199ms)
				ProcessInitializeOnLoadMethodAttributes (39ms)
				AfterProcessingInitializeOnLoad (11ms)
				EditorAssembliesLoaded (0ms)
			ExecutionOrderSort2 (0ms)
			AwakeInstancesAfterBackupRestoration (14ms)
Platform modules already initialized, skipping
========================================================================
Worker process is ready to serve import requests
Launched and connected shader compiler UnityShaderCompiler.exe after 0.04 seconds
Refreshing native plugins compatible for Editor in 0.82 ms, found 2 plugins.
Preloading 0 native plugins for Editor in 0.00 ms.
Unloading 2083 Unused Serialized files (Serialized files now loaded: 0)
Unloading 35 unused Assets / (501.8 KB). Loaded Objects now: 2575.
Memory consumption went from 117.3 MB to 116.8 MB.
Total: 4.538100 ms (FindLiveObjects: 0.294400 ms CreateObjectMapping: 0.084300 ms MarkObjects: 3.764700 ms  DeleteObjects: 0.393800 ms)

AssetImportParameters requested are different than current active one (requested -> active):
  custom:video-decoder-ogg-theora: a1e56fd34408186e4bbccfd4996cb3dc -> 
  custom:container-muxer-webm: aa71ff27fc2769a1b78a27578f13a17b -> 
  custom:container-demuxer-webm: 4f35f7cbe854078d1ac9338744f61a02 -> 
  custom:video-encoder-webm-vp8: eb34c28f22e8b96e1ab97ce403110664 -> 
  custom:video-codec-MediaFoundation-h265: e54d7ab0439102e2317fc1e4b246158d -> 
  custom:audio-encoder-webm-vorbis: bf7c407c2cedff20999df2af8eb42d56 -> 
  custom:framework-win-MediaFoundation: 216162199b28c13a410421893ffa2e32 -> 
  custom:container-demuxer-ogg: 62fdf1f143b41e24485cea50d1cbac27 -> 
  custom:video-decoder-webm-vp8: 9c59270c3fd7afecdb556c50c9e8de78 -> 
  custom:audio-decoder-ogg-vorbis: bf7c407c2cedff20999df2af8eb42d56 -> 
========================================================================
Received Import Request.
  Time since last request: 76607.141417 seconds.
  path: Assets/External assets/Thirdparty/Ciathyza/Gridbox Prototype Materials/Materials/HDRP/Prototype_512x512_Blue2.mat
  artifactKey: Guid(e070baac7ac0c374ba010641b095c1b4) Importer(815301076,1909f56bfc062723c751e8b465ee728b)
Start importing Assets/External assets/Thirdparty/Ciathyza/Gridbox Prototype Materials/Materials/HDRP/Prototype_512x512_Blue2.mat using Guid(e070baac7ac0c374ba010641b095c1b4) Importer(815301076,1909f56bfc062723c751e8b465ee728b)  -> (artifact id: '89a6d5120c9ff643aa06af5e810c03f8') in 0.134562 seconds 
========================================================================
Received Import Request.
  Time since last request: 0.440823 seconds.
  path: Assets/External assets/Thirdparty/Ciathyza/Gridbox Prototype Materials/Materials/HDRP/Prototype_512x512_Blue3.mat
  artifactKey: Guid(c90bcdf992e150d41b0ee0f7aabccad6) Importer(815301076,1909f56bfc062723c751e8b465ee728b)
Start importing Assets/External assets/Thirdparty/Ciathyza/Gridbox Prototype Materials/Materials/HDRP/Prototype_512x512_Blue3.mat using Guid(c90bcdf992e150d41b0ee0f7aabccad6) Importer(815301076,1909f56bfc062723c751e8b465ee728b)  -> (artifact id: '4f07bc3f7654d251f72842d0044fe725') in 0.007337 seconds 
========================================================================
Received Import Request.
  Time since last request: 0.000012 seconds.
  path: Assets/External assets/Thirdparty/Ciathyza/Gridbox Prototype Materials/Materials/HDRP/Prototype_512x512_Grey3.mat
  artifactKey: Guid(a66e312fee7fb6e469dec2f4daba4dcd) Importer(815301076,1909f56bfc062723c751e8b465ee728b)
Start importing Assets/External assets/Thirdparty/Ciathyza/Gridbox Prototype Materials/Materials/HDRP/Prototype_512x512_Grey3.mat using Guid(a66e312fee7fb6e469dec2f4daba4dcd) Importer(815301076,1909f56bfc062723c751e8b465ee728b)  -> (artifact id: '88a8f164460c8298785655d4a1fab26b') in 0.023331 seconds 
========================================================================
Received Import Request.
  Time since last request: 0.000014 seconds.
  path: Assets/External assets/Thirdparty/Ciathyza/Gridbox Prototype Materials/Materials/HDRP/Prototype_512x512_Grey2.mat
  artifactKey: Guid(572218b186e96c648853f56156b07925) Importer(815301076,1909f56bfc062723c751e8b465ee728b)
Start importing Assets/External assets/Thirdparty/Ciathyza/Gridbox Prototype Materials/Materials/HDRP/Prototype_512x512_Grey2.mat using Guid(572218b186e96c648853f56156b07925) Importer(815301076,1909f56bfc062723c751e8b465ee728b)  -> (artifact id: 'e1e745ebc9f508299e15d8d77aafbfa6') in 0.008076 seconds 
========================================================================
Received Import Request.
  Time since last request: 0.000015 seconds.
  path: Assets/External assets/Thirdparty/Ciathyza/Gridbox Prototype Materials/Materials/HDRP/Prototype_512x512_Pink.mat
  artifactKey: Guid(9cbe122d0bf53f14ba269e044bc3f03b) Importer(815301076,1909f56bfc062723c751e8b465ee728b)
Start importing Assets/External assets/Thirdparty/Ciathyza/Gridbox Prototype Materials/Materials/HDRP/Prototype_512x512_Pink.mat using Guid(9cbe122d0bf53f14ba269e044bc3f03b) Importer(815301076,1909f56bfc062723c751e8b465ee728b)  -> (artifact id: 'cba1b8d931ed1cd5fe8448fa5a627c5a') in 0.016670 seconds 
========================================================================
Received Import Request.
  Time since last request: 0.000015 seconds.
  path: Assets/External assets/Thirdparty/Ciathyza/Gridbox Prototype Materials/Materials/HDRP/Prototype_512x512_Grey1.mat
  artifactKey: Guid(64859cf955a5fb047880af754183e463) Importer(815301076,1909f56bfc062723c751e8b465ee728b)
Start importing Assets/External assets/Thirdparty/Ciathyza/Gridbox Prototype Materials/Materials/HDRP/Prototype_512x512_Grey1.mat using Guid(64859cf955a5fb047880af754183e463) Importer(815301076,1909f56bfc062723c751e8b465ee728b)  -> (artifact id: 'cd35e93544bcbb37d7517bdb3b9dd0c6') in 0.020833 seconds 
========================================================================
Received Import Request.
  Time since last request: 0.000012 seconds.
  path: Assets/External assets/Thirdparty/Ciathyza/Gridbox Prototype Materials/Materials/HDRP/Prototype_512x512_Green3.mat
  artifactKey: Guid(8474bf551220f0e4993899dfdc95aed3) Importer(815301076,1909f56bfc062723c751e8b465ee728b)
Start importing Assets/External assets/Thirdparty/Ciathyza/Gridbox Prototype Materials/Materials/HDRP/Prototype_512x512_Green3.mat using Guid(8474bf551220f0e4993899dfdc95aed3) Importer(815301076,1909f56bfc062723c751e8b465ee728b)  -> (artifact id: '6f3bba32b6088a97837201bb2355d6c5') in 0.020422 seconds 
========================================================================
Received Import Request.
  Time since last request: 0.000011 seconds.
  path: Assets/External assets/Thirdparty/Ciathyza/Gridbox Prototype Materials/Materials/HDRP/Prototype_512x512_Red.mat
  artifactKey: Guid(c61a55dba6ed64c4f8e865f32677062f) Importer(815301076,1909f56bfc062723c751e8b465ee728b)
Start importing Assets/External assets/Thirdparty/Ciathyza/Gridbox Prototype Materials/Materials/HDRP/Prototype_512x512_Red.mat using Guid(c61a55dba6ed64c4f8e865f32677062f) Importer(815301076,1909f56bfc062723c751e8b465ee728b)  -> (artifact id: '515270c66543d50150f1bff6b3e04bfb') in 0.020918 seconds 
========================================================================
Received Import Request.
  Time since last request: 0.000012 seconds.
  path: Assets/External assets/Thirdparty/Ciathyza/Gridbox Prototype Materials/Materials/HDRP/Prototype_512x512_Green2.mat
  artifactKey: Guid(35e2a03bbcc6739409a02bb46883d128) Importer(815301076,1909f56bfc062723c751e8b465ee728b)
Start importing Assets/External assets/Thirdparty/Ciathyza/Gridbox Prototype Materials/Materials/HDRP/Prototype_512x512_Green2.mat using Guid(35e2a03bbcc6739409a02bb46883d128) Importer(815301076,1909f56bfc062723c751e8b465ee728b)  -> (artifact id: '96ca21e481b18b8dc55a20beefc5bf8c') in 0.018603 seconds 
========================================================================
Received Import Request.
  Time since last request: 0.000012 seconds.
  path: Assets/External assets/Thirdparty/Ciathyza/Gridbox Prototype Materials/Materials/HDRP/Prototype_512x512_Grey4.mat
  artifactKey: Guid(cd022c63e7c1c7f4e98c0083ed2bcf70) Importer(815301076,1909f56bfc062723c751e8b465ee728b)
Start importing Assets/External assets/Thirdparty/Ciathyza/Gridbox Prototype Materials/Materials/HDRP/Prototype_512x512_Grey4.mat using Guid(cd022c63e7c1c7f4e98c0083ed2bcf70) Importer(815301076,1909f56bfc062723c751e8b465ee728b)  -> (artifact id: '7b107279661168f1153c5dcdc3e87532') in 0.018559 seconds 
========================================================================
Received Import Request.
  Time since last request: 12.577470 seconds.
  path: Assets/Prefabs/Respawner.prefab
  artifactKey: Guid(f41b738f227375b44afe41fc21dced78) Importer(815301076,1909f56bfc062723c751e8b465ee728b)
Start importing Assets/Prefabs/Respawner.prefab using Guid(f41b738f227375b44afe41fc21dced78) Importer(815301076,1909f56bfc062723c751e8b465ee728b)  -> (artifact id: '123c8b2f94a0141a6ab594f89e8eba99') in 0.008597 seconds 
========================================================================
Received Import Request.
  Time since last request: 48.431905 seconds.
  path: Assets/MniGolf/Assets/MiniGolf/Prefabs/Parts/crest.prefab
  artifactKey: Guid(b741cd50c041c4c4395c381f2f98caba) Importer(815301076,1909f56bfc062723c751e8b465ee728b)
Start importing Assets/MniGolf/Assets/MiniGolf/Prefabs/Parts/crest.prefab using Guid(b741cd50c041c4c4395c381f2f98caba) Importer(815301076,1909f56bfc062723c751e8b465ee728b)  -> (artifact id: '082bcf7bd2f8b4c2052ba600c3c0cd49') in 0.028013 seconds 
========================================================================
Received Import Request.
  Time since last request: 0.000019 seconds.
  path: Assets/MniGolf/Assets/MiniGolf/Prefabs/Parts/end.prefab
  artifactKey: Guid(d96eca2bb65a0de4aa8847c800ebd88f) Importer(815301076,1909f56bfc062723c751e8b465ee728b)
Start importing Assets/MniGolf/Assets/MiniGolf/Prefabs/Parts/end.prefab using Guid(d96eca2bb65a0de4aa8847c800ebd88f) Importer(815301076,1909f56bfc062723c751e8b465ee728b)  -> (artifact id: 'b26f11a579830aeb57458a01777997cb') in 0.038995 seconds 
========================================================================
Received Import Request.
  Time since last request: 0.000013 seconds.
  path: Assets/MniGolf/Assets/MiniGolf/Prefabs/Parts/narrowSquare.prefab
  artifactKey: Guid(903101a107cf1bd4bb86f1ccb9d3a080) Importer(815301076,1909f56bfc062723c751e8b465ee728b)
Start importing Assets/MniGolf/Assets/MiniGolf/Prefabs/Parts/narrowSquare.prefab using Guid(903101a107cf1bd4bb86f1ccb9d3a080) Importer(815301076,1909f56bfc062723c751e8b465ee728b)  -> (artifact id: '8cb71fc9718834383b20dc5614642f01') in 0.066245 seconds 
========================================================================
Received Import Request.
  Time since last request: 0.000021 seconds.
  path: Assets/MniGolf/Assets/MiniGolf/Prefabs/Parts/hillSquare.prefab
  artifactKey: Guid(3565d8b50f6f1b446859f10f6850ba76) Importer(815301076,1909f56bfc062723c751e8b465ee728b)
Start importing Assets/MniGolf/Assets/MiniGolf/Prefabs/Parts/hillSquare.prefab using Guid(3565d8b50f6f1b446859f10f6850ba76) Importer(815301076,1909f56bfc062723c751e8b465ee728b)  -> (artifact id: '816bc81452e3c9eebbfb63214217b8db') in 0.046228 seconds 
========================================================================
Received Import Request.
  Time since last request: 0.000020 seconds.
  path: Assets/MniGolf/Assets/MiniGolf/Prefabs/Parts/innerCorner.prefab
  artifactKey: Guid(fa1604da6cf2217499f0ecfeb5061479) Importer(815301076,1909f56bfc062723c751e8b465ee728b)
Start importing Assets/MniGolf/Assets/MiniGolf/Prefabs/Parts/innerCorner.prefab using Guid(fa1604da6cf2217499f0ecfeb5061479) Importer(815301076,1909f56bfc062723c751e8b465ee728b)  -> (artifact id: '61baff969c25fbfd4ef03c089682cbc4') in 0.043520 seconds 
========================================================================
Received Import Request.
  Time since last request: 1.324251 seconds.
  path: Assets/MniGolf/Assets/MiniGolf/Prefabs/Levels/Level3.prefab
  artifactKey: Guid(bd59e3fe26794124bbb9de6ac5ecaf67) Importer(815301076,1909f56bfc062723c751e8b465ee728b)
Start importing Assets/MniGolf/Assets/MiniGolf/Prefabs/Levels/Level3.prefab using Guid(bd59e3fe26794124bbb9de6ac5ecaf67) Importer(815301076,1909f56bfc062723c751e8b465ee728b)  -> (artifact id: 'c0d14d906fc0c8107361f4d690337b0d') in 0.011083 seconds 
========================================================================
Received Import Request.
  Time since last request: 0.000013 seconds.
  path: Assets/MniGolf/Assets/MiniGolf/Prefabs/Levels/Level9.prefab
  artifactKey: Guid(7af82ffbcf50e0049b490e35afe703cb) Importer(815301076,1909f56bfc062723c751e8b465ee728b)
Start importing Assets/MniGolf/Assets/MiniGolf/Prefabs/Levels/Level9.prefab using Guid(7af82ffbcf50e0049b490e35afe703cb) Importer(815301076,1909f56bfc062723c751e8b465ee728b)  -> (artifact id: 'aae33b25dd508b7a1e24059a80c85f5d') in 0.011468 seconds 
========================================================================
Received Import Request.
  Time since last request: 0.000018 seconds.
  path: Assets/MniGolf/Assets/MiniGolf/Prefabs/Levels/Level7.prefab
  artifactKey: Guid(818320eb79d592642bc47bdf6e5ee58a) Importer(815301076,1909f56bfc062723c751e8b465ee728b)
Start importing Assets/MniGolf/Assets/MiniGolf/Prefabs/Levels/Level7.prefab using Guid(818320eb79d592642bc47bdf6e5ee58a) Importer(815301076,1909f56bfc062723c751e8b465ee728b)  -> (artifact id: '105e6d462179a5d75dd933d6ae8b640f') in 0.010159 seconds 
========================================================================
Received Import Request.
  Time since last request: 5.884442 seconds.
  path: Assets/MniGolf/Assets/MiniGolf/GameAssets/Art/home.png
  artifactKey: Guid(66166f3da4abf694c9b6a93fff714a6d) Importer(815301076,1909f56bfc062723c751e8b465ee728b)
Start importing Assets/MniGolf/Assets/MiniGolf/GameAssets/Art/home.png using Guid(66166f3da4abf694c9b6a93fff714a6d) Importer(815301076,1909f56bfc062723c751e8b465ee728b)  -> (artifact id: '090326e457ef2e3b7dceadc067257136') in 0.024258 seconds 
========================================================================
Received Import Request.
  Time since last request: 0.000018 seconds.
  path: Assets/MniGolf/Assets/MiniGolf/GameAssets/Art/toggleOff.png
  artifactKey: Guid(6e71df9500e97e84a8c592e529ad8cb2) Importer(815301076,1909f56bfc062723c751e8b465ee728b)
Start importing Assets/MniGolf/Assets/MiniGolf/GameAssets/Art/toggleOff.png using Guid(6e71df9500e97e84a8c592e529ad8cb2) Importer(815301076,1909f56bfc062723c751e8b465ee728b)  -> (artifact id: '14e8e4f6cf085507cf1aca830e7421a8') in 0.010373 seconds 
========================================================================
Received Import Request.
  Time since last request: 0.000021 seconds.
  path: Assets/MniGolf/Assets/MiniGolf/GameAssets/Art/retry.png
  artifactKey: Guid(4fc925f41393ce341a1cbd2fb24e09b8) Importer(815301076,1909f56bfc062723c751e8b465ee728b)
Start importing Assets/MniGolf/Assets/MiniGolf/GameAssets/Art/retry.png using Guid(4fc925f41393ce341a1cbd2fb24e09b8) Importer(815301076,1909f56bfc062723c751e8b465ee728b)  -> (artifact id: '5e9efe99579ba769447c8ec77321ebed') in 0.011156 seconds 
========================================================================
Received Import Request.
  Time since last request: 0.000012 seconds.
  path: Assets/MniGolf/Assets/MiniGolf/GameAssets/Art/magnifyingGlass.png
  artifactKey: Guid(007a9ac3c65b938409692003ea301579) Importer(815301076,1909f56bfc062723c751e8b465ee728b)
Start importing Assets/MniGolf/Assets/MiniGolf/GameAssets/Art/magnifyingGlass.png using Guid(007a9ac3c65b938409692003ea301579) Importer(815301076,1909f56bfc062723c751e8b465ee728b)  -> (artifact id: '1988d78fc855bde48f37f0a5d72d27bd') in 0.007856 seconds 
========================================================================
Received Import Request.
  Time since last request: 0.000014 seconds.
  path: Assets/MniGolf/Assets/MiniGolf/GameAssets/Art/powerBar.png
  artifactKey: Guid(629aba67a669ebc4e854ee4a42ba3584) Importer(815301076,1909f56bfc062723c751e8b465ee728b)
Start importing Assets/MniGolf/Assets/MiniGolf/GameAssets/Art/powerBar.png using Guid(629aba67a669ebc4e854ee4a42ba3584) Importer(815301076,1909f56bfc062723c751e8b465ee728b)  -> (artifact id: 'e038f94a38dd6903da793c91edbb7fef') in 0.009792 seconds 
========================================================================
Received Import Request.
  Time since last request: 6.366663 seconds.
  path: Assets/MniGolf/Assets/MiniGolf/GameAssets/Material/RedMat.mat
  artifactKey: Guid(9aed05e732bfdc349af69f45d569bdf3) Importer(815301076,1909f56bfc062723c751e8b465ee728b)
Start importing Assets/MniGolf/Assets/MiniGolf/GameAssets/Material/RedMat.mat using Guid(9aed05e732bfdc349af69f45d569bdf3) Importer(815301076,1909f56bfc062723c751e8b465ee728b)  -> (artifact id: '13ad724a5a7cfc5ad134462cb9015ef3') in 0.008533 seconds 
========================================================================
Received Import Request.
  Time since last request: 12.728947 seconds.
  path: Assets/MniGolf/Assets/MiniGolf/GameAssets/Models/KennyAssets/ball_red.fbx
  artifactKey: Guid(355bd8f46561af244b273a525ef8bfbf) Importer(815301076,1909f56bfc062723c751e8b465ee728b)
Start importing Assets/MniGolf/Assets/MiniGolf/GameAssets/Models/KennyAssets/ball_red.fbx using Guid(355bd8f46561af244b273a525ef8bfbf) Importer(815301076,1909f56bfc062723c751e8b465ee728b)  -> (artifact id: 'c8642658a914f904934ced1477ddb588') in 0.043339 seconds 
========================================================================
Received Import Request.
  Time since last request: 0.000013 seconds.
  path: Assets/MniGolf/Assets/MiniGolf/GameAssets/Models/KennyAssets/rampC.fbx
  artifactKey: Guid(ab9023e6244fdca4e9fd7ce4f5c67bcc) Importer(815301076,1909f56bfc062723c751e8b465ee728b)
Start importing Assets/MniGolf/Assets/MiniGolf/GameAssets/Models/KennyAssets/rampC.fbx using Guid(ab9023e6244fdca4e9fd7ce4f5c67bcc) Importer(815301076,1909f56bfc062723c751e8b465ee728b)  -> (artifact id: 'cabcdf5a466a01f1017d9f215ddc96b3') in 0.176455 seconds 
========================================================================
Received Import Request.
  Time since last request: 0.000014 seconds.
  path: Assets/MniGolf/Assets/MiniGolf/GameAssets/Models/KennyAssets/holeRound.fbx
  artifactKey: Guid(a08499aeeaebefe419b912f3825dc7a9) Importer(815301076,1909f56bfc062723c751e8b465ee728b)
Start importing Assets/MniGolf/Assets/MiniGolf/GameAssets/Models/KennyAssets/holeRound.fbx using Guid(a08499aeeaebefe419b912f3825dc7a9) Importer(815301076,1909f56bfc062723c751e8b465ee728b)  -> (artifact id: '94851fd2aa8be7ea80b758b848f5fa91') in 0.024373 seconds 
========================================================================
Received Import Request.
  Time since last request: 0.000022 seconds.
  path: Assets/MniGolf/Assets/MiniGolf/GameAssets/Models/KennyAssets/rampD.fbx
  artifactKey: Guid(692d2e7291a41bc46850cce248c5d6b3) Importer(815301076,1909f56bfc062723c751e8b465ee728b)
Start importing Assets/MniGolf/Assets/MiniGolf/GameAssets/Models/KennyAssets/rampD.fbx using Guid(692d2e7291a41bc46850cce248c5d6b3) Importer(815301076,1909f56bfc062723c751e8b465ee728b)  -> (artifact id: '38108fe7ce003f6e488f99f888bef4e7') in 0.014766 seconds 
========================================================================
Received Import Request.
  Time since last request: 0.000013 seconds.
  path: Assets/MniGolf/Assets/MiniGolf/GameAssets/Models/KennyAssets/open.fbx
  artifactKey: Guid(d23abc1f904f49a4ea33f69bee4af896) Importer(815301076,1909f56bfc062723c751e8b465ee728b)
Start importing Assets/MniGolf/Assets/MiniGolf/GameAssets/Models/KennyAssets/open.fbx using Guid(d23abc1f904f49a4ea33f69bee4af896) Importer(815301076,1909f56bfc062723c751e8b465ee728b)  -> (artifact id: 'bfaf04e8b0cc784910917546ae7a76d3') in 0.009733 seconds 
========================================================================
Received Import Request.
  Time since last request: 0.000014 seconds.
  path: Assets/MniGolf/Assets/MiniGolf/GameAssets/Models/KennyAssets/flag_green.fbx
  artifactKey: Guid(e82be16faa3fb7b489eac14b376fe21f) Importer(815301076,1909f56bfc062723c751e8b465ee728b)
Start importing Assets/MniGolf/Assets/MiniGolf/GameAssets/Models/KennyAssets/flag_green.fbx using Guid(e82be16faa3fb7b489eac14b376fe21f) Importer(815301076,1909f56bfc062723c751e8b465ee728b)  -> (artifact id: '0127eb0f5f5beb5e58815c9c79d7fff0') in 0.014272 seconds 
========================================================================
Received Import Request.
  Time since last request: 0.000017 seconds.
  path: Assets/MniGolf/Assets/MiniGolf/GameAssets/Models/KennyAssets/hillSquare.fbx
  artifactKey: Guid(f7961f753f8f34147bbc8037a95d53d8) Importer(815301076,1909f56bfc062723c751e8b465ee728b)
Start importing Assets/MniGolf/Assets/MiniGolf/GameAssets/Models/KennyAssets/hillSquare.fbx using Guid(f7961f753f8f34147bbc8037a95d53d8) Importer(815301076,1909f56bfc062723c751e8b465ee728b)  -> (artifact id: '3387478cebc902d7f07c3fb6b11c1c1c') in 0.020723 seconds 
========================================================================
Received Import Request.
  Time since last request: 0.000015 seconds.
  path: Assets/MniGolf/Assets/MiniGolf/GameAssets/Models/KennyAssets/rampA.fbx
  artifactKey: Guid(1a9496acafe85d64cb8b893485674f80) Importer(815301076,1909f56bfc062723c751e8b465ee728b)
Start importing Assets/MniGolf/Assets/MiniGolf/GameAssets/Models/KennyAssets/rampA.fbx using Guid(1a9496acafe85d64cb8b893485674f80) Importer(815301076,1909f56bfc062723c751e8b465ee728b)  -> (artifact id: 'dd5c749104ef8448fa8d47175a5a6604') in 0.018862 seconds 
========================================================================
Received Import Request.
  Time since last request: 0.000017 seconds.
  path: Assets/MniGolf/Assets/MiniGolf/GameAssets/Models/KennyAssets/narrowRound.fbx
  artifactKey: Guid(9061c925c60f0c04a95e0aa08c7026f7) Importer(815301076,1909f56bfc062723c751e8b465ee728b)
Start importing Assets/MniGolf/Assets/MiniGolf/GameAssets/Models/KennyAssets/narrowRound.fbx using Guid(9061c925c60f0c04a95e0aa08c7026f7) Importer(815301076,1909f56bfc062723c751e8b465ee728b)  -> (artifact id: 'ca73b8fd78b48fad2e7115b72437b608') in 0.016916 seconds 
========================================================================
Received Import Request.
  Time since last request: 0.000015 seconds.
  path: Assets/MniGolf/Assets/MiniGolf/GameAssets/Models/KennyAssets/hillCorner.fbx
  artifactKey: Guid(040e725f214cced4292e78a9a4a24b0d) Importer(815301076,1909f56bfc062723c751e8b465ee728b)
Start importing Assets/MniGolf/Assets/MiniGolf/GameAssets/Models/KennyAssets/hillCorner.fbx using Guid(040e725f214cced4292e78a9a4a24b0d) Importer(815301076,1909f56bfc062723c751e8b465ee728b)  -> (artifact id: '87c9273932cc6448a50999aff8fd3352') in 0.020488 seconds 
========================================================================
Received Import Request.
  Time since last request: 0.000016 seconds.
  path: Assets/MniGolf/Assets/MiniGolf/GameAssets/Models/KennyAssets/block.fbx
  artifactKey: Guid(686c930d89dda6f4aa2c993a81badbb9) Importer(815301076,1909f56bfc062723c751e8b465ee728b)
Start importing Assets/MniGolf/Assets/MiniGolf/GameAssets/Models/KennyAssets/block.fbx using Guid(686c930d89dda6f4aa2c993a81badbb9) Importer(815301076,1909f56bfc062723c751e8b465ee728b)  -> (artifact id: 'e5763ab05355e1ee1256f496ef7a99ba') in 0.013287 seconds 
========================================================================
Received Import Request.
  Time since last request: 0.000015 seconds.
  path: Assets/MniGolf/Assets/MiniGolf/GameAssets/Models/KennyAssets/holeOpen.fbx
  artifactKey: Guid(b90a9c91239a6364c959a4b7a6f0e613) Importer(815301076,1909f56bfc062723c751e8b465ee728b)
Start importing Assets/MniGolf/Assets/MiniGolf/GameAssets/Models/KennyAssets/holeOpen.fbx using Guid(b90a9c91239a6364c959a4b7a6f0e613) Importer(815301076,1909f56bfc062723c751e8b465ee728b)  -> (artifact id: '1cc361be6600450047823c255826884d') in 0.014388 seconds 
========================================================================
Received Import Request.
  Time since last request: 2.248180 seconds.
  path: Assets/MniGolf/Assets/MiniGolf/GameAssets/Models/KennyAssets/split.fbx
  artifactKey: Guid(f7d337659d16f5a40ae1aaa9a4bc7c1d) Importer(815301076,1909f56bfc062723c751e8b465ee728b)
Start importing Assets/MniGolf/Assets/MiniGolf/GameAssets/Models/KennyAssets/split.fbx using Guid(f7d337659d16f5a40ae1aaa9a4bc7c1d) Importer(815301076,1909f56bfc062723c751e8b465ee728b)  -> (artifact id: '3f1f75762571afddea92728e39e1a16a') in 0.013111 seconds 
========================================================================
Received Import Request.
  Time since last request: 0.000012 seconds.
  path: Assets/MniGolf/Assets/MiniGolf/GameAssets/Models/KennyAssets/splitWallsToOpen.fbx
  artifactKey: Guid(32b5b118496972144b3ffcc42035de7a) Importer(815301076,1909f56bfc062723c751e8b465ee728b)
Start importing Assets/MniGolf/Assets/MiniGolf/GameAssets/Models/KennyAssets/splitWallsToOpen.fbx using Guid(32b5b118496972144b3ffcc42035de7a) Importer(815301076,1909f56bfc062723c751e8b465ee728b)  -> (artifact id: 'a6e2daacf18bebe54176c74429064223') in 0.042004 seconds 
========================================================================
Received Import Request.
  Time since last request: 0.000017 seconds.
  path: Assets/MniGolf/Assets/MiniGolf/GameAssets/Models/KennyAssets/straight.fbx
  artifactKey: Guid(26c4ca4f633f4c94e85232a56e33a5c3) Importer(815301076,1909f56bfc062723c751e8b465ee728b)
Start importing Assets/MniGolf/Assets/MiniGolf/GameAssets/Models/KennyAssets/straight.fbx using Guid(26c4ca4f633f4c94e85232a56e33a5c3) Importer(815301076,1909f56bfc062723c751e8b465ee728b)  -> (artifact id: 'b43925337365ab4f62b28b113c6c8133') in 0.052465 seconds 
========================================================================
Received Import Request.
  Time since last request: 5.174587 seconds.
  path: Assets/MniGolf/Assets/MiniGolf/GameAssets/Sound/throwing.wav
  artifactKey: Guid(4a5d7ff77f977194eaabe15027aa810f) Importer(815301076,1909f56bfc062723c751e8b465ee728b)
Start importing Assets/MniGolf/Assets/MiniGolf/GameAssets/Sound/throwing.wav using Guid(4a5d7ff77f977194eaabe15027aa810f) Importer(815301076,1909f56bfc062723c751e8b465ee728b)  -> (artifact id: '4789c3c25e04d1172f014bc80f8eb181') in 0.037072 seconds 
========================================================================
Received Import Request.
  Time since last request: 27.380009 seconds.
  path: Assets/SampleScenes/Materials/NavyDarkGrid.mat
  artifactKey: Guid(01c04496878436140922b19f5220712b) Importer(815301076,1909f56bfc062723c751e8b465ee728b)
Start importing Assets/SampleScenes/Materials/NavyDarkGrid.mat using Guid(01c04496878436140922b19f5220712b) Importer(815301076,1909f56bfc062723c751e8b465ee728b)  -> (artifact id: '632048bcc9f0b9f8e794f2207786f36d') in 0.258064 seconds 
========================================================================
Received Import Request.
  Time since last request: 0.000015 seconds.
  path: Assets/SampleScenes/Materials/WhiteSmooth.mat
  artifactKey: Guid(616853845a4a54949ac851f2f807aa2a) Importer(815301076,1909f56bfc062723c751e8b465ee728b)
Start importing Assets/SampleScenes/Materials/WhiteSmooth.mat using Guid(616853845a4a54949ac851f2f807aa2a) Importer(815301076,1909f56bfc062723c751e8b465ee728b)  -> (artifact id: 'a7e4d84b9c6472a12daf8978581524b1') in 0.119017 seconds 
========================================================================
Received Import Request.
  Time since last request: 0.000018 seconds.
  path: Assets/SampleScenes/Materials/NavyDarkSmooth.mat
  artifactKey: Guid(338dbf9d35df70d428453cc78f8eaa18) Importer(815301076,1909f56bfc062723c751e8b465ee728b)
Start importing Assets/SampleScenes/Materials/NavyDarkSmooth.mat using Guid(338dbf9d35df70d428453cc78f8eaa18) Importer(815301076,1909f56bfc062723c751e8b465ee728b)  -> (artifact id: 'df43c69247d0d24a16efc72c1142882f') in 0.056735 seconds 
========================================================================
Received Import Request.
  Time since last request: 0.000012 seconds.
  path: Assets/SampleScenes/Materials/PinkSmooth.mat
  artifactKey: Guid(9335c65f42a781d4c881b93bec5412b9) Importer(815301076,1909f56bfc062723c751e8b465ee728b)
Start importing Assets/SampleScenes/Materials/PinkSmooth.mat using Guid(9335c65f42a781d4c881b93bec5412b9) Importer(815301076,1909f56bfc062723c751e8b465ee728b)  -> (artifact id: '6a3da74747aa716514739b5db0bb2195') in 0.007299 seconds 
========================================================================
Received Import Request.
  Time since last request: 0.000011 seconds.
  path: Assets/SampleScenes/Materials/WhiteUnlit.mat
  artifactKey: Guid(432d27f28c1251041bd6d1753602d5f0) Importer(815301076,1909f56bfc062723c751e8b465ee728b)
Start importing Assets/SampleScenes/Materials/WhiteUnlit.mat using Guid(432d27f28c1251041bd6d1753602d5f0) Importer(815301076,1909f56bfc062723c751e8b465ee728b)  -> (artifact id: '3dff959ccdbf9ab2ba99bda30638ea65') in 0.018238 seconds 
========================================================================
Received Import Request.
  Time since last request: 6.471950 seconds.
  path: Assets/SampleScenes/Menu/Prefabs/MainMenuUI.prefab
  artifactKey: Guid(2c438794b43b9534189eff0d7d79335a) Importer(815301076,1909f56bfc062723c751e8b465ee728b)
Start importing Assets/SampleScenes/Menu/Prefabs/MainMenuUI.prefab using Guid(2c438794b43b9534189eff0d7d79335a) Importer(815301076,1909f56bfc062723c751e8b465ee728b)  -> (artifact id: 'b0282b89e1c4d14c7e1c8129814f888b') in 0.014248 seconds 
========================================================================
Received Prepare
Registering precompiled user dll's ...
Registered in 0.002462 seconds.
Begin MonoManager ReloadAssembly
Native extension for UWP target not found
Native extension for WindowsStandalone target not found
Refreshing native plugins compatible for Editor in 0.34 ms, found 2 plugins.
Preloading 0 native plugins for Editor in 0.00 ms.
Mono: successfully reloaded assembly
- Completed reload, in  0.654 seconds
Domain Reload Profiling:
	ReloadAssembly (655ms)
		BeginReloadAssembly (106ms)
			ExecutionOrderSort (0ms)
			DisableScriptedObjects (3ms)
			BackupInstance (0ms)
			ReleaseScriptingObjects (0ms)
			CreateAndSetChildDomain (24ms)
		EndReloadAssembly (490ms)
			LoadAssemblies (70ms)
			RebuildTransferFunctionScriptingTraits (0ms)
			SetupTypeCache (129ms)
			ReleaseScriptCaches (1ms)
			RebuildScriptCaches (24ms)
			SetupLoadedEditorAssemblies (259ms)
				LogAssemblyErrors (0ms)
				InitializePlatformSupportModulesInManaged (3ms)
				SetLoadedEditorAssemblies (0ms)
				RefreshPlugins (0ms)
				BeforeProcessingInitializeOnLoad (24ms)
				ProcessInitializeOnLoadAttributes (185ms)
				ProcessInitializeOnLoadMethodAttributes (44ms)
				AfterProcessingInitializeOnLoad (2ms)
				EditorAssembliesLoaded (0ms)
			ExecutionOrderSort2 (0ms)
			AwakeInstancesAfterBackupRestoration (4ms)
Platform modules already initialized, skipping
Refreshing native plugins compatible for Editor in 0.91 ms, found 2 plugins.
Preloading 0 native plugins for Editor in 0.00 ms.
Unloading 2042 Unused Serialized files (Serialized files now loaded: 0)
Unloading 14 unused Assets / (478.7 KB). Loaded Objects now: 2648.
Memory consumption went from 118.4 MB to 118.0 MB.
Total: 2.727700 ms (FindLiveObjects: 0.142700 ms CreateObjectMapping: 0.047400 ms MarkObjects: 2.268900 ms  DeleteObjects: 0.268000 ms)

AssetImportParameters requested are different than current active one (requested -> active):
  custom:video-decoder-ogg-theora: a1e56fd34408186e4bbccfd4996cb3dc -> 
  custom:container-muxer-webm: aa71ff27fc2769a1b78a27578f13a17b -> 
  custom:container-demuxer-webm: 4f35f7cbe854078d1ac9338744f61a02 -> 
  custom:video-encoder-webm-vp8: eb34c28f22e8b96e1ab97ce403110664 -> 
  custom:video-codec-MediaFoundation-h265: e54d7ab0439102e2317fc1e4b246158d -> 
  custom:audio-encoder-webm-vorbis: bf7c407c2cedff20999df2af8eb42d56 -> 
  custom:framework-win-MediaFoundation: 216162199b28c13a410421893ffa2e32 -> 
  custom:container-demuxer-ogg: 62fdf1f143b41e24485cea50d1cbac27 -> 
  custom:video-decoder-webm-vp8: 9c59270c3fd7afecdb556c50c9e8de78 -> 
  custom:audio-decoder-ogg-vorbis: bf7c407c2cedff20999df2af8eb42d56 -> 
========================================================================
Received Import Request.
  Time since last request: 136.736857 seconds.
  path: Assets/Unity UI Samples/Prefabs/SF Grid Button.prefab
  artifactKey: Guid(8a0cab5ff0a9b465bbc169d7ad27a67f) Importer(815301076,1909f56bfc062723c751e8b465ee728b)
Start importing Assets/Unity UI Samples/Prefabs/SF Grid Button.prefab using Guid(8a0cab5ff0a9b465bbc169d7ad27a67f) Importer(815301076,1909f56bfc062723c751e8b465ee728b)  -> (artifact id: '45f3ef685a16da15979140428f61d23d') in 0.024234 seconds 
========================================================================
Received Import Request.
  Time since last request: 0.549918 seconds.
  path: Assets/Unity UI Samples/Prefabs/SF Scene Elements.prefab
  artifactKey: Guid(7461a7b0cf97947fd9b9e4502fd2d07b) Importer(815301076,1909f56bfc062723c751e8b465ee728b)
Start importing Assets/Unity UI Samples/Prefabs/SF Scene Elements.prefab using Guid(7461a7b0cf97947fd9b9e4502fd2d07b) Importer(815301076,1909f56bfc062723c751e8b465ee728b)  -> (artifact id: '2bbeec71cbff00bacc72293811ab61eb') in 0.117818 seconds 
========================================================================
Received Import Request.
  Time since last request: 16.438476 seconds.
  path: Assets/Skybox/00435.png
  artifactKey: Guid(be816959f403c884da6dfac86d5c2ffa) Importer(815301076,1909f56bfc062723c751e8b465ee728b)
Start importing Assets/Skybox/00435.png using Guid(be816959f403c884da6dfac86d5c2ffa) Importer(815301076,1909f56bfc062723c751e8b465ee728b)  -> (artifact id: '969b675f856de55fb4f394827b83c393') in 0.009289 seconds 
========================================================================
Received Import Request.
  Time since last request: 0.000012 seconds.
  path: Assets/Skybox/New Cubemap.cubemap
  artifactKey: Guid(3c5e2c38cee38fd4ba7656ea93680e42) Importer(815301076,1909f56bfc062723c751e8b465ee728b)
Start importing Assets/Skybox/New Cubemap.cubemap using Guid(3c5e2c38cee38fd4ba7656ea93680e42) Importer(815301076,1909f56bfc062723c751e8b465ee728b)  -> (artifact id: '5561d557736d81b69190dc4ab79772ce') in 0.076428 seconds 
========================================================================
Received Import Request.
  Time since last request: 0.000018 seconds.
  path: Assets/Skybox/New Material 2.mat
  artifactKey: Guid(055218bdf5f7af54cb7b683228dd6e31) Importer(815301076,1909f56bfc062723c751e8b465ee728b)
Start importing Assets/Skybox/New Material 2.mat using Guid(055218bdf5f7af54cb7b683228dd6e31) Importer(815301076,1909f56bfc062723c751e8b465ee728b)  -> (artifact id: 'ec83f5c2d286acad5c85b5b2ab1b1671') in 0.023292 seconds 
========================================================================
Received Prepare
Registering precompiled user dll's ...
Registered in 0.002271 seconds.
Begin MonoManager ReloadAssembly
Native extension for UWP target not found
Native extension for WindowsStandalone target not found
Refreshing native plugins compatible for Editor in 0.39 ms, found 2 plugins.
Preloading 0 native plugins for Editor in 0.00 ms.
Mono: successfully reloaded assembly
- Completed reload, in  0.683 seconds
Domain Reload Profiling:
	ReloadAssembly (684ms)
		BeginReloadAssembly (120ms)
			ExecutionOrderSort (0ms)
			DisableScriptedObjects (3ms)
			BackupInstance (0ms)
			ReleaseScriptingObjects (0ms)
			CreateAndSetChildDomain (23ms)
		EndReloadAssembly (497ms)
			LoadAssemblies (80ms)
			RebuildTransferFunctionScriptingTraits (0ms)
			SetupTypeCache (129ms)
			ReleaseScriptCaches (1ms)
			RebuildScriptCaches (25ms)
			SetupLoadedEditorAssemblies (264ms)
				LogAssemblyErrors (0ms)
				InitializePlatformSupportModulesInManaged (4ms)
				SetLoadedEditorAssemblies (0ms)
				RefreshPlugins (0ms)
				BeforeProcessingInitializeOnLoad (25ms)
				ProcessInitializeOnLoadAttributes (194ms)
				ProcessInitializeOnLoadMethodAttributes (38ms)
				AfterProcessingInitializeOnLoad (2ms)
				EditorAssembliesLoaded (0ms)
			ExecutionOrderSort2 (0ms)
			AwakeInstancesAfterBackupRestoration (6ms)
Platform modules already initialized, skipping
Refreshing native plugins compatible for Editor in 1.13 ms, found 2 plugins.
Preloading 0 native plugins for Editor in 0.00 ms.
Unloading 2042 Unused Serialized files (Serialized files now loaded: 0)
Unloading 16 unused Assets / (479.6 KB). Loaded Objects now: 2666.
Memory consumption went from 118.6 MB to 118.1 MB.
Total: 2.339100 ms (FindLiveObjects: 0.123000 ms CreateObjectMapping: 0.045600 ms MarkObjects: 1.972300 ms  DeleteObjects: 0.197600 ms)

AssetImportParameters requested are different than current active one (requested -> active):
  custom:video-decoder-ogg-theora: a1e56fd34408186e4bbccfd4996cb3dc -> 
  custom:container-muxer-webm: aa71ff27fc2769a1b78a27578f13a17b -> 
  custom:container-demuxer-webm: 4f35f7cbe854078d1ac9338744f61a02 -> 
  custom:video-encoder-webm-vp8: eb34c28f22e8b96e1ab97ce403110664 -> 
  custom:video-codec-MediaFoundation-h265: e54d7ab0439102e2317fc1e4b246158d -> 
  custom:audio-encoder-webm-vorbis: bf7c407c2cedff20999df2af8eb42d56 -> 
  custom:framework-win-MediaFoundation: 216162199b28c13a410421893ffa2e32 -> 
  custom:container-demuxer-ogg: 62fdf1f143b41e24485cea50d1cbac27 -> 
  custom:video-decoder-webm-vp8: 9c59270c3fd7afecdb556c50c9e8de78 -> 
  custom:audio-decoder-ogg-vorbis: bf7c407c2cedff20999df2af8eb42d56 -> 
Editor requested this worker to shutdown with reason: Scaling down because of idle timeout
AssetImportWorker is now disconnected from the server
Process exiting
Exiting without the bug reporter. Application will terminate with return code 0